<?xml version="1.0" encoding="UTF-8"?>
<testsuite name="cat.itacademy.barcelonactiva.Ros.Ivan.s04.t01.n02.S04T01N02RosIvan.S04T01N02RosIvanApplicationTests" tests="1" skipped="0" failures="0" errors="0" timestamp="2023-05-06T07:59:28" hostname="ivan-Lenovo-B590" time="0.949">
  <properties/>
  <testcase name="contextLoads()" classname="cat.itacademy.barcelonactiva.Ros.Ivan.s04.t01.n02.S04T01N02RosIvan.S04T01N02RosIvanApplicationTests" time="0.949"/>
  <system-out><![CDATA[09:59:23.796 [Test worker] DEBUG org.springframework.boot.test.context.SpringBootTestContextBootstrapper -- Neither @ContextConfiguration nor @ContextHierarchy found for test class [S04T01N02RosIvanApplicationTests]: using SpringBootContextLoader
09:59:23.836 [Test worker] DEBUG org.springframework.test.context.support.AbstractContextLoader -- Could not detect default resource locations for test class [cat.itacademy.barcelonactiva.Ros.Ivan.s04.t01.n02.S04T01N02RosIvan.S04T01N02RosIvanApplicationTests]: no resource found for suffixes {-context.xml, Context.groovy}.
09:59:23.841 [Test worker] INFO org.springframework.test.context.support.AnnotationConfigContextLoaderUtils -- Could not detect default configuration classes for test class [cat.itacademy.barcelonactiva.Ros.Ivan.s04.t01.n02.S04T01N02RosIvan.S04T01N02RosIvanApplicationTests]: S04T01N02RosIvanApplicationTests does not declare any static, non-private, non-final, nested classes annotated with @Configuration.
09:59:24.042 [Test worker] DEBUG org.springframework.boot.test.context.SpringBootTestContextBootstrapper -- Using ContextCustomizers for test class [S04T01N02RosIvanApplicationTests]: [DisableObservabilityContextCustomizer, PropertyMappingContextCustomizer, Customizer, ExcludeFilterContextCustomizer, DuplicateJsonObjectContextCustomizer, MockitoContextCustomizer, TestRestTemplateContextCustomizer]
09:59:24.389 [Test worker] DEBUG org.springframework.context.annotation.ClassPathScanningCandidateComponentProvider -- Identified candidate component class: file [/home/ivan/Escritorio/S04T01N02RosIvan/build/classes/java/main/cat/itacademy/barcelonactiva/Ros/Ivan/s04/t01/n02/S04T01N02RosIvan/S04T01N02RosIvanApplication.class]
09:59:24.400 [Test worker] INFO org.springframework.boot.test.context.SpringBootTestContextBootstrapper -- Found @SpringBootConfiguration cat.itacademy.barcelonactiva.Ros.Ivan.s04.t01.n02.S04T01N02RosIvan.S04T01N02RosIvanApplication for test class cat.itacademy.barcelonactiva.Ros.Ivan.s04.t01.n02.S04T01N02RosIvan.S04T01N02RosIvanApplicationTests
09:59:24.647 [Test worker] DEBUG org.springframework.test.context.util.TestContextSpringFactoriesUtils -- Skipping candidate TestExecutionListener [org.springframework.test.context.transaction.TransactionalTestExecutionListener] due to a missing dependency. Specify custom TestExecutionListener classes or make the default TestExecutionListener classes and their required dependencies available. Offending class: [org/springframework/transaction/interceptor/TransactionAttributeSource]
09:59:24.650 [Test worker] DEBUG org.springframework.test.context.util.TestContextSpringFactoriesUtils -- Skipping candidate TestExecutionListener [org.springframework.test.context.jdbc.SqlScriptsTestExecutionListener] due to a missing dependency. Specify custom TestExecutionListener classes or make the default TestExecutionListener classes and their required dependencies available. Offending class: [org/springframework/transaction/interceptor/TransactionAttribute]
09:59:24.654 [Test worker] DEBUG org.springframework.boot.test.context.SpringBootTestContextBootstrapper -- Using TestExecutionListeners for test class [S04T01N02RosIvanApplicationTests]: [ServletTestExecutionListener, DirtiesContextBeforeModesTestExecutionListener, ApplicationEventsTestExecutionListener, MockitoTestExecutionListener, DependencyInjectionTestExecutionListener, DirtiesContextTestExecutionListener, EventPublishingTestExecutionListener, RestDocsTestExecutionListener, MockRestServiceServerResetTestExecutionListener, MockMvcPrintOnlyOnFailureTestExecutionListener, WebDriverTestExecutionListener, MockWebServiceServerTestExecutionListener, ResetMocksTestExecutionListener]
09:59:24.656 [Test worker] DEBUG org.springframework.test.context.support.AbstractDirtiesContextTestExecutionListener -- Before test class: class [S04T01N02RosIvanApplicationTests], class annotated with @DirtiesContext [false] with mode [null]

  .   ____          _            __ _ _
 /\\ / ___'_ __ _ _(_)_ __  __ _ \ \ \ \
( ( )\___ | '_ | '_| | '_ \/ _` | \ \ \ \
 \\/  ___)| |_)| | | | | || (_| |  ) ) ) )
  '  |____| .__|_| |_|_| |_\__, | / / / /
 =========|_|==============|___/=/_/_/_/
 :: Spring Boot ::                (v3.0.6)

2023-05-06T09:59:25.946+02:00  INFO 10816 --- [    Test worker] s.t.n.S.S04T01N02RosIvanApplicationTests : Starting S04T01N02RosIvanApplicationTests using Java 17.0.6 with PID 10816 (started by ivan in /home/ivan/Escritorio/S04T01N02RosIvan)
2023-05-06T09:59:25.949+02:00  INFO 10816 --- [    Test worker] s.t.n.S.S04T01N02RosIvanApplicationTests : No active profile set, falling back to 1 default profile: "default"
2023-05-06T09:59:28.871+02:00  INFO 10816 --- [    Test worker] s.t.n.S.S04T01N02RosIvanApplicationTests : Started S04T01N02RosIvanApplicationTests in 4.051 seconds (process running for 8.437)
]]></system-out>
  <system-err><![CDATA[]]></system-err>
</testsuite>
